<?xml version="1.0" encoding="UTF-8"?>
<testsuite name="com.robinzhou.refactoring.firstsample.CustomerTest" tests="1" skipped="0" failures="0" errors="0" timestamp="2015-07-16T07:32:54" hostname="robinzhou-PC" time="0.005">
  <properties/>
  <testcase name="testStatement" classname="com.robinzhou.refactoring.firstsample.CustomerTest" time="0.005"/>
  <system-out><![CDATA[]]></system-out>
  <system-err><![CDATA[]]></system-err>
</testsuite>
