<?xml version="1.0" encoding="UTF-8"?>
<testsuite name="com.robinzhou.leetcode.DeleteNodeInALinkedListTest" tests="1" skipped="0" failures="0" errors="0" timestamp="2015-07-22T01:57:22" hostname="robinzhou-PC" time="0.003">
  <properties/>
  <testcase name="testDeleteNode" classname="com.robinzhou.leetcode.DeleteNodeInALinkedListTest" time="0.003"/>
  <system-out><![CDATA[]]></system-out>
  <system-err><![CDATA[]]></system-err>
</testsuite>
