<?xml version="1.0" encoding="UTF-8"?>
<testsuite name="com.robinzhou.select.BFPRTSelectTest" tests="2" skipped="0" failures="0" errors="0" timestamp="2015-07-16T07:32:53" hostname="robinzhou-PC" time="0.004">
  <properties/>
  <testcase name="testInsertSort" classname="com.robinzhou.select.BFPRTSelectTest" time="0.003"/>
  <testcase name="testSelect" classname="com.robinzhou.select.BFPRTSelectTest" time="0.001"/>
  <system-out><![CDATA[]]></system-out>
  <system-err><![CDATA[]]></system-err>
</testsuite>
