<?xml version="1.0" encoding="UTF-8"?>
<testsuite name="com.robinzhou.sort.BucketSortTest" tests="2" skipped="0" failures="0" errors="0" timestamp="2015-07-16T07:32:53" hostname="robinzhou-PC" time="0.003">
  <properties/>
  <testcase name="testSort2" classname="com.robinzhou.sort.BucketSortTest" time="0.002"/>
  <testcase name="testSort" classname="com.robinzhou.sort.BucketSortTest" time="0.0"/>
  <system-out><![CDATA[]]></system-out>
  <system-err><![CDATA[]]></system-err>
</testsuite>
