<?xml version="1.0" encoding="UTF-8"?>
<testsuite name="com.robinzhou.devideandconquer.MaxSubarrayTest" tests="1" skipped="0" failures="0" errors="0" timestamp="2015-07-16T07:32:53" hostname="robinzhou-PC" time="0.003">
  <properties/>
  <testcase name="testFindMaxSubarray" classname="com.robinzhou.devideandconquer.MaxSubarrayTest" time="0.003"/>
  <system-out><![CDATA[]]></system-out>
  <system-err><![CDATA[]]></system-err>
</testsuite>
