<?xml version="1.0" encoding="UTF-8"?>
<testsuite name="com.robinzhou.select.QuickSelectTest" tests="1" skipped="0" failures="0" errors="0" timestamp="2015-07-16T07:32:53" hostname="robinzhou-PC" time="0.0">
  <properties/>
  <testcase name="testSelect" classname="com.robinzhou.select.QuickSelectTest" time="0.0"/>
  <system-out><![CDATA[]]></system-out>
  <system-err><![CDATA[]]></system-err>
</testsuite>
